<?xml version="1.0" encoding="UTF-8"?>
<!-- Generated by org.testng.reporters.JUnitXMLReporter -->
<testsuite ignored="0" hostname="FAKETAXI" failures="0" tests="7" name="Default test" time="0.12" errors="0" timestamp="2025-02-20T09:17:42 IST">
  <testcase classname="testNg.UsingTreadPoolSize" name="apple" time="0.014"/>
  <testcase classname="testNg.UsingTreadPoolSize" name="apple" time="0.014"/>
  <testcase classname="testNg.UsingTreadPoolSize" name="apple" time="0.003"/>
  <testcase classname="testNg.UsingTreadPoolSize" name="banana" time="0.004"/>
  <testcase classname="testNg.UsingTreadPoolSize" name="banana" time="0.003"/>
  <testcase classname="testNg.UsingTreadPoolSize" name="banana" time="0.006"/>
  <testcase classname="testNg.UsingTreadPoolSize" name="banana" time="0.002"/>
</testsuite> <!-- Default test -->
