<?xml version="1.0" encoding="UTF-8"?>
<testng-results ignored="0" total="4" passed="4" failed="0" skipped="0">
  <reporter-output>
  </reporter-output>
  <suite started-at="2025-02-20T21:31:30 IST" name="Suite" finished-at="2025-02-20T21:31:49 IST" duration-ms="19379">
    <groups>
    </groups>
    <test started-at="2025-02-20T21:31:30 IST" name="Test1" finished-at="2025-02-20T21:31:47 IST" duration-ms="17318">
      <class name="testNg.Groupfb">
        <test-method signature="amazon()[pri:0, instance:testNg.Groupfb@2a5c8d3f]" started-at="2025-02-20T21:31:30 IST" name="amazon" finished-at="2025-02-20T21:31:39 IST" duration-ms="8779" status="PASS">
          <reporter-output>
          </reporter-output>
        </test-method> <!-- amazon -->
      </class> <!-- testNg.Groupfb -->
      <class name="testNg.GroupFlipkart">
        <test-method signature="amazon()[pri:0, instance:testNg.GroupFlipkart@65e98b1c]" started-at="2025-02-20T21:31:39 IST" name="amazon" finished-at="2025-02-20T21:31:47 IST" duration-ms="8417" status="PASS">
          <reporter-output>
          </reporter-output>
        </test-method> <!-- amazon -->
      </class> <!-- testNg.GroupFlipkart -->
    </test> <!-- Test1 -->
    <test started-at="2025-02-20T21:31:30 IST" name="Test2" finished-at="2025-02-20T21:31:49 IST" duration-ms="19379">
      <class name="testNg.groupSwiggy">
        <test-method signature="amazon()[pri:0, instance:testNg.groupSwiggy@313b2ea6]" started-at="2025-02-20T21:31:40 IST" name="amazon" finished-at="2025-02-20T21:31:49 IST" duration-ms="9316" status="PASS">
          <reporter-output>
          </reporter-output>
        </test-method> <!-- amazon -->
      </class> <!-- testNg.groupSwiggy -->
      <class name="testNg.GROUPMEESHO">
        <test-method signature="meesho()[pri:0, instance:testNg.GROUPMEESHO@6a2b953e]" started-at="2025-02-20T21:31:30 IST" name="meesho" finished-at="2025-02-20T21:31:40 IST" duration-ms="9881" status="PASS">
          <reporter-output>
          </reporter-output>
        </test-method> <!-- meesho -->
      </class> <!-- testNg.GROUPMEESHO -->
    </test> <!-- Test2 -->
  </suite> <!-- Suite -->
</testng-results>
