<?xml version="1.0" encoding="UTF-8"?>
<!-- Generated by org.testng.reporters.JUnitXMLReporter -->
<testsuite ignored="1" hostname="FAKETAXI" failures="0" tests="2" name="Test" time="0.114" errors="0" timestamp="2025-02-20T10:08:45 IST">
  <testcase classname="testNg.Groupexecution" name="java" time="0.014"/>
  <testcase classname="testNg.Groupexecution" name="manual" time="0.006"/>
  <testcase classname="testNg.Groupexecution" name="automation" time="0.0">
    <ignored/>
  </testcase> <!-- automation -->
</testsuite> <!-- Test -->
