<?xml version="1.0" encoding="UTF-8"?>
<!-- Generated by org.testng.reporters.JUnitXMLReporter -->
<testsuite ignored="2" hostname="FAKETAXI" failures="0" tests="29" name="Test " time="0.198" errors="0" timestamp="2025-02-20T09:28:24 IST">
  <testcase classname="testNg.UsingpriorityFlag" name="orange" time="0.016"/>
  <testcase classname="testNg.UsingpriorityFlag" name="watermelon" time="0.003"/>
  <testcase classname="testNg.UsingpriorityFlag" name="apple" time="0.001"/>
  <testcase classname="testNg.UsingpriorityFlag" name="pineaple" time="0.002"/>
  <testcase classname="testNg.UsingEnabledTag" name="cat" time="0.003"/>
  <testcase classname="testNg.Invocationcount" name="orange" time="0.004"/>
  <testcase classname="testNg.Invocationcount" name="watermelon" time="0.002"/>
  <testcase classname="testNg.Invocationcount" name="watermelon" time="0.001"/>
  <testcase classname="testNg.Invocationcount" name="watermelon" time="0.001"/>
  <testcase classname="testNg.Invocationcount" name="watermelon" time="0.001"/>
  <testcase classname="testNg.Invocationcount" name="watermelon" time="0.002"/>
  <testcase classname="testNg.Invocationcount" name="watermelon" time="0.003"/>
  <testcase classname="testNg.Invocationcount" name="watermelon" time="0.001"/>
  <testcase classname="testNg.Invocationcount" name="watermelon" time="0.001"/>
  <testcase classname="testNg.Invocationcount" name="watermelon" time="0.002"/>
  <testcase classname="testNg.Invocationcount" name="watermelon" time="0.001"/>
  <testcase classname="testNg.Invocationcount" name="apple" time="0.002"/>
  <testcase classname="testNg.Invocationcount" name="guava" time="0.0"/>
  <testcase classname="testNg.Invocationcount" name="pineaple" time="0.003"/>
  <testcase classname="testNg.UsingTreadPoolSize" name="apple" time="0.002"/>
  <testcase classname="testNg.UsingTreadPoolSize" name="apple" time="0.003"/>
  <testcase classname="testNg.UsingTreadPoolSize" name="apple" time="0.001"/>
  <testcase classname="testNg.UsingTreadPoolSize" name="banana" time="0.003"/>
  <testcase classname="testNg.UsingTreadPoolSize" name="banana" time="0.002"/>
  <testcase classname="testNg.UsingTreadPoolSize" name="banana" time="0.003"/>
  <testcase classname="testNg.UsingTreadPoolSize" name="banana" time="0.001"/>
  <testcase classname="testNg.Using_Depends_On_method" name="register" time="0.003"/>
  <testcase classname="testNg.Using_Depends_On_method" name="create" time="0.002"/>
  <testcase classname="testNg.Using_Depends_On_method" name="login" time="0.001"/>
  <testcase classname="testNg.UsingEnabledTag" name="snake" time="0.0">
    <ignored/>
  </testcase> <!-- snake -->
  <testcase classname="testNg.UsingEnabledTag" name="dog" time="0.0">
    <ignored/>
  </testcase> <!-- dog -->
</testsuite> <!-- Test  -->
